[Wed Nov 13 12:08:39 COT 2019]{"status":"OK", "passed":[],"released":[],"executed":[{"executed_task":"Executing task CREATE_OBJECT for session bf9cede2-af31-4366-9dd6-aef4968772fb [OK]"}]}
[Wed Nov 13 12:08:45 COT 2019]{"status":"OK", "passed":[],"released":[{"released_task":"Releasing task FTMSOCR for session bf9cede2-af31-4366-9dd6-aef4968772fb"}],"executed":[{"executed_task":"Executing task FTMSOCR for session bf9cede2-af31-4366-9dd6-aef4968772fb [OK]"}]}
[Wed Nov 13 12:08:50 COT 2019]{"status":"OK", "passed":[{"passed_parameter":"For session bf9cede2-af31-4366-9dd6-aef4968772fb passing parameter DF-WORDS"}],"released":[{"released_task":"Releasing task FTMLABEL for session bf9cede2-af31-4366-9dd6-aef4968772fb"}],"executed":[]}
[Wed Nov 13 12:15:09 COT 2019]{"status":"OK", "passed":[],"released":[],"executed":[{"executed_task":"Executing task CREATE_OBJECT for session c2e6d73d-d590-4cfd-bf32-39ac84071cfc [OK]"}]}
[Wed Nov 13 12:15:15 COT 2019]{"status":"OK", "passed":[],"released":[{"released_task":"Releasing task FTMSOCR for session c2e6d73d-d590-4cfd-bf32-39ac84071cfc"}],"executed":[{"executed_task":"Executing task FTMSOCR for session c2e6d73d-d590-4cfd-bf32-39ac84071cfc [OK]"}]}
[Wed Nov 13 12:15:21 COT 2019]{"status":"OK", "passed":[{"passed_parameter":"For session c2e6d73d-d590-4cfd-bf32-39ac84071cfc passing parameter DF-WORDS"}],"released":[{"released_task":"Releasing task FTMLABEL for session c2e6d73d-d590-4cfd-bf32-39ac84071cfc"}],"executed":[]}
[Wed Nov 13 12:29:57 COT 2019]{"status":"OK", "passed":[],"released":[],"executed":[{"executed_task":"Executing task CREATE_OBJECT for session b5b4bc52-bb6e-42d3-bb47-728c8ed52704 [OK]"}]}
[Wed Nov 13 12:30:04 COT 2019]{"status":"OK", "passed":[],"released":[{"released_task":"Releasing task FTMSOCR for session b5b4bc52-bb6e-42d3-bb47-728c8ed52704"}],"executed":[{"executed_task":"Executing task FTMSOCR for session b5b4bc52-bb6e-42d3-bb47-728c8ed52704 [OK]"}]}
[Wed Nov 13 12:30:10 COT 2019]{"status":"OK", "passed":[{"passed_parameter":"For session b5b4bc52-bb6e-42d3-bb47-728c8ed52704 passing parameter DF-WORDS"}],"released":[{"released_task":"Releasing task FTMLABEL for session b5b4bc52-bb6e-42d3-bb47-728c8ed52704"}],"executed":[]}
[Wed Nov 13 12:30:23 COT 2019]{"status":"OK", "passed":[],"released":[],"executed":[{"executed_task":"Executing task CREATE_OBJECT for session d67f4dfb-e055-44ae-a572-f04ba96452a8 [OK]"}]}
[Wed Nov 13 12:30:29 COT 2019]{"status":"OK", "passed":[],"released":[{"released_task":"Releasing task FTMSOCR for session d67f4dfb-e055-44ae-a572-f04ba96452a8"}],"executed":[{"executed_task":"Executing task FTMSOCR for session d67f4dfb-e055-44ae-a572-f04ba96452a8 [OK]"}]}
[Wed Nov 13 12:30:35 COT 2019]{"status":"OK", "passed":[{"passed_parameter":"For session d67f4dfb-e055-44ae-a572-f04ba96452a8 passing parameter DF-WORDS"}],"released":[{"released_task":"Releasing task FTMLABEL for session d67f4dfb-e055-44ae-a572-f04ba96452a8"}],"executed":[]}
[Wed Nov 13 12:34:13 COT 2019]{"status":"OK", "passed":[],"released":[],"executed":[{"executed_task":"Executing task CREATE_OBJECT for session 2a9134d4-b61f-4ff3-957d-d11492a83bdb [OK]"}]}
[Wed Nov 13 12:34:22 COT 2019]{"status":"OK", "passed":[],"released":[{"released_task":"Releasing task FTMSOCR for session 2a9134d4-b61f-4ff3-957d-d11492a83bdb"}],"executed":[{"executed_task":"Executing task FTMSOCR for session 2a9134d4-b61f-4ff3-957d-d11492a83bdb [OK]"}]}
[Wed Nov 13 12:34:28 COT 2019]{"status":"OK", "passed":[{"passed_parameter":"For session 2a9134d4-b61f-4ff3-957d-d11492a83bdb passing parameter DF-WORDS"}],"released":[{"released_task":"Releasing task FTMLABEL for session 2a9134d4-b61f-4ff3-957d-d11492a83bdb"}],"executed":[]}
[Wed Nov 13 12:42:12 COT 2019]{"status":"OK", "passed":[],"released":[],"executed":[{"executed_task":"Executing task CREATE_OBJECT for session 930012cb-35d1-4de8-aed0-c9b76e196440 [OK]"}]}
[Wed Nov 13 12:42:21 COT 2019]{"status":"OK", "passed":[],"released":[{"released_task":"Releasing task FTMSOCR for session 930012cb-35d1-4de8-aed0-c9b76e196440"}],"executed":[{"executed_task":"Executing task FTMSOCR for session 930012cb-35d1-4de8-aed0-c9b76e196440 [OK]"}]}
[Wed Nov 13 12:42:28 COT 2019]{"status":"OK", "passed":[{"passed_parameter":"For session 930012cb-35d1-4de8-aed0-c9b76e196440 passing parameter DF-WORDS"}],"released":[{"released_task":"Releasing task FTMLABEL for session 930012cb-35d1-4de8-aed0-c9b76e196440"}],"executed":[]}
[Wed Nov 13 12:43:09 COT 2019]{"status":"OK", "passed":[],"released":[],"executed":[{"executed_task":"Executing task CREATE_OBJECT for session 3f7171c7-9223-4f0a-9249-6eeaff411e05 [OK]"}]}
[Wed Nov 13 12:43:17 COT 2019]{"status":"OK", "passed":[],"released":[{"released_task":"Releasing task FTMSOCR for session 3f7171c7-9223-4f0a-9249-6eeaff411e05"}],"executed":[{"executed_task":"Executing task FTMSOCR for session 3f7171c7-9223-4f0a-9249-6eeaff411e05 [OK]"}]}
[Wed Nov 13 12:43:23 COT 2019]{"status":"OK", "passed":[{"passed_parameter":"For session 3f7171c7-9223-4f0a-9249-6eeaff411e05 passing parameter DF-WORDS"}],"released":[{"released_task":"Releasing task FTMLABEL for session 3f7171c7-9223-4f0a-9249-6eeaff411e05"}],"executed":[]}
[Wed Nov 13 12:45:59 COT 2019]{"status":"OK", "passed":[{"passed_parameter":"For session 3f7171c7-9223-4f0a-9249-6eeaff411e05 passing parameter JSON-AREAS"}],"released":[{"released_task":"Releasing task FHMFEATURES for session 3f7171c7-9223-4f0a-9249-6eeaff411e05"}],"executed":[{"executed_task":"Executing task FHMFEATURES for session 3f7171c7-9223-4f0a-9249-6eeaff411e05 [OK]"}]}
[Wed Nov 13 12:46:06 COT 2019]{"status":"OK", "passed":[{"passed_parameter":"For session 3f7171c7-9223-4f0a-9249-6eeaff411e05 passing parameter DF-WORDSF"}],"released":[{"released_task":"Releasing task FHMPRECL for session 3f7171c7-9223-4f0a-9249-6eeaff411e05"}],"executed":[{"executed_task":"Executing task FHMPRECL for session 3f7171c7-9223-4f0a-9249-6eeaff411e05 [OK]"}]}
[Wed Nov 13 12:46:12 COT 2019]{"status":"OK", "passed":[{"passed_parameter":"For session 3f7171c7-9223-4f0a-9249-6eeaff411e05 passing parameter DF-WORDSFL"}{"passed_parameter":"For session 3f7171c7-9223-4f0a-9249-6eeaff411e05 passing parameter DF-WORDSFNL"}],"released":[{"released_task":"Releasing task FHMTREECL for session 3f7171c7-9223-4f0a-9249-6eeaff411e05"}],"executed":[{"executed_task":"Executing task FHMTREECL for session 3f7171c7-9223-4f0a-9249-6eeaff411e05 [OK]"}]}
[Wed Nov 13 12:46:18 COT 2019]{"status":"OK", "passed":[{"passed_parameter":"For session 3f7171c7-9223-4f0a-9249-6eeaff411e05 passing parameter DF-CWORDS"}],"released":[{"released_task":"Releasing task FHMMMXLS for session 3f7171c7-9223-4f0a-9249-6eeaff411e05"}],"executed":[{"executed_task":"Executing task FHMMMXLS for session 3f7171c7-9223-4f0a-9249-6eeaff411e05 [OK]"}]}
[Wed Nov 13 12:46:24 COT 2019]{"status":"OK", "passed":[{"passed_parameter":"For session 3f7171c7-9223-4f0a-9249-6eeaff411e05 passing parameter JSON-MMXLS"}],"released":[],"executed":[]}
[Wed Nov 13 13:03:13 COT 2019]{"status":"OK", "passed":[],"released":[],"executed":[{"executed_task":"Executing task CREATE_OBJECT for session b4ce63ac-67a9-4475-b296-3aa10d9eaccf [OK]"}]}
[Wed Nov 13 13:03:20 COT 2019]{"status":"OK", "passed":[],"released":[{"released_task":"Releasing task FTMSOCR for session b4ce63ac-67a9-4475-b296-3aa10d9eaccf"}],"executed":[{"executed_task":"Executing task FTMSOCR for session b4ce63ac-67a9-4475-b296-3aa10d9eaccf [OK]"}]}
[Wed Nov 13 13:03:26 COT 2019]{"status":"OK", "passed":[{"passed_parameter":"For session b4ce63ac-67a9-4475-b296-3aa10d9eaccf passing parameter DF-WORDS"}],"released":[{"released_task":"Releasing task FTMLABEL for session b4ce63ac-67a9-4475-b296-3aa10d9eaccf"}],"executed":[]}
[Wed Nov 13 13:04:44 COT 2019]{"status":"OK", "passed":[{"passed_parameter":"For session b4ce63ac-67a9-4475-b296-3aa10d9eaccf passing parameter JSON-AREAS"}],"released":[{"released_task":"Releasing task FHMFEATURES for session b4ce63ac-67a9-4475-b296-3aa10d9eaccf"}],"executed":[{"executed_task":"Executing task FHMFEATURES for session b4ce63ac-67a9-4475-b296-3aa10d9eaccf [OK]"}]}
[Wed Nov 13 13:04:50 COT 2019]{"status":"OK", "passed":[{"passed_parameter":"For session b4ce63ac-67a9-4475-b296-3aa10d9eaccf passing parameter DF-WORDSF"}],"released":[{"released_task":"Releasing task FHMPRECL for session b4ce63ac-67a9-4475-b296-3aa10d9eaccf"}],"executed":[{"executed_task":"Executing task FHMPRECL for session b4ce63ac-67a9-4475-b296-3aa10d9eaccf [OK]"}]}
[Wed Nov 13 13:04:57 COT 2019]{"status":"OK", "passed":[{"passed_parameter":"For session b4ce63ac-67a9-4475-b296-3aa10d9eaccf passing parameter DF-WORDSFNL"}{"passed_parameter":"For session b4ce63ac-67a9-4475-b296-3aa10d9eaccf passing parameter DF-WORDSFL"}],"released":[{"released_task":"Releasing task FHMTREECL for session b4ce63ac-67a9-4475-b296-3aa10d9eaccf"}],"executed":[{"executed_task":"Executing task FHMTREECL for session b4ce63ac-67a9-4475-b296-3aa10d9eaccf [OK]"}]}
[Wed Nov 13 13:05:03 COT 2019]{"status":"OK", "passed":[{"passed_parameter":"For session b4ce63ac-67a9-4475-b296-3aa10d9eaccf passing parameter DF-CWORDS"}],"released":[{"released_task":"Releasing task FHMMMXLS for session b4ce63ac-67a9-4475-b296-3aa10d9eaccf"}],"executed":[{"executed_task":"Executing task FHMMMXLS for session b4ce63ac-67a9-4475-b296-3aa10d9eaccf [OK]"}]}
[Wed Nov 13 13:05:09 COT 2019]{"status":"OK", "passed":[{"passed_parameter":"For session b4ce63ac-67a9-4475-b296-3aa10d9eaccf passing parameter JSON-MMXLS"}],"released":[],"executed":[]}
